2024-09-09T12:09:58.760+09:00  INFO 14352 --- [main] web.AppStart                             : Starting AppStart using Java 17.0.11 with PID 14352 (C:\Users\tj-bu-703-013\Desktop\Springpy\build\classes\java\main started by tj-bu-703-013 in C:\Users\tj-bu-703-013\Desktop\Springpy)
2024-09-09T12:09:58.783+09:00  INFO 14352 --- [main] web.AppStart                             : No active profile set, falling back to 1 default profile: "default"
2024-09-09T12:09:59.772+09:00  WARN 14352 --- [main] o.m.s.mapper.ClassPathMapperScanner      : No MyBatis mapper was found in '[web]' package. Please check your configuration.
2024-09-09T12:10:00.568+09:00  INFO 14352 --- [main] o.s.b.w.embedded.tomcat.TomcatWebServer  : Tomcat initialized with port 8080 (http)
2024-09-09T12:10:00.584+09:00  INFO 14352 --- [main] o.apache.catalina.core.StandardService   : Starting service [Tomcat]
2024-09-09T12:10:00.584+09:00  INFO 14352 --- [main] o.apache.catalina.core.StandardEngine    : Starting Servlet engine: [Apache Tomcat/10.1.28]
2024-09-09T12:10:00.666+09:00  INFO 14352 --- [main] o.a.c.c.C.[Tomcat].[localhost].[/]       : Initializing Spring embedded WebApplicationContext
2024-09-09T12:10:00.666+09:00  INFO 14352 --- [main] w.s.c.ServletWebServerApplicationContext : Root WebApplicationContext: initialization completed in 1803 ms
2024-09-09T12:10:01.469+09:00  INFO 14352 --- [main] com.zaxxer.hikari.HikariDataSource       : HikariPool-1 - Starting...
2024-09-09T12:10:02.880+09:00  WARN 14352 --- [main] ConfigServletWebServerApplicationContext : Exception encountered during context initialization - cancelling refresh attempt: org.springframework.beans.factory.BeanCreationException: Error creating bean with name 'dataSourceScriptDatabaseInitializer' defined in class path resource [org/springframework/boot/autoconfigure/sql/init/DataSourceInitializationConfiguration.class]: Failed to execute database script
2024-09-09T12:10:02.886+09:00  INFO 14352 --- [main] o.apache.catalina.core.StandardService   : Stopping service [Tomcat]
2024-09-09T12:10:02.907+09:00  INFO 14352 --- [main] .s.b.a.l.ConditionEvaluationReportLogger : 

Error starting ApplicationContext. To display the condition evaluation report re-run your application with 'debug' enabled.
2024-09-09T12:10:02.937+09:00 ERROR 14352 --- [main] o.s.boot.SpringApplication               : Application run failed

org.springframework.beans.factory.BeanCreationException: Error creating bean with name 'dataSourceScriptDatabaseInitializer' defined in class path resource [org/springframework/boot/autoconfigure/sql/init/DataSourceInitializationConfiguration.class]: Failed to execute database script
	at org.springframework.beans.factory.support.AbstractAutowireCapableBeanFactory.initializeBean(AbstractAutowireCapableBeanFactory.java:1806) ~[spring-beans-6.1.12.jar:6.1.12]
	at org.springframework.beans.factory.support.AbstractAutowireCapableBeanFactory.doCreateBean(AbstractAutowireCapableBeanFactory.java:600) ~[spring-beans-6.1.12.jar:6.1.12]
	at org.springframework.beans.factory.support.AbstractAutowireCapableBeanFactory.createBean(AbstractAutowireCapableBeanFactory.java:522) ~[spring-beans-6.1.12.jar:6.1.12]
	at org.springframework.beans.factory.support.AbstractBeanFactory.lambda$doGetBean$0(AbstractBeanFactory.java:337) ~[spring-beans-6.1.12.jar:6.1.12]
	at org.springframework.beans.factory.support.DefaultSingletonBeanRegistry.getSingleton(DefaultSingletonBeanRegistry.java:234) ~[spring-beans-6.1.12.jar:6.1.12]
	at org.springframework.beans.factory.support.AbstractBeanFactory.doGetBean(AbstractBeanFactory.java:335) ~[spring-beans-6.1.12.jar:6.1.12]
	at org.springframework.beans.factory.support.AbstractBeanFactory.getBean(AbstractBeanFactory.java:200) ~[spring-beans-6.1.12.jar:6.1.12]
	at org.springframework.beans.factory.support.AbstractBeanFactory.doGetBean(AbstractBeanFactory.java:313) ~[spring-beans-6.1.12.jar:6.1.12]
	at org.springframework.beans.factory.support.AbstractBeanFactory.getBean(AbstractBeanFactory.java:200) ~[spring-beans-6.1.12.jar:6.1.12]
	at org.springframework.beans.factory.support.DefaultListableBeanFactory.preInstantiateSingletons(DefaultListableBeanFactory.java:975) ~[spring-beans-6.1.12.jar:6.1.12]
	at org.springframework.context.support.AbstractApplicationContext.finishBeanFactoryInitialization(AbstractApplicationContext.java:971) ~[spring-context-6.1.12.jar:6.1.12]
	at org.springframework.context.support.AbstractApplicationContext.refresh(AbstractApplicationContext.java:625) ~[spring-context-6.1.12.jar:6.1.12]
	at org.springframework.boot.web.servlet.context.ServletWebServerApplicationContext.refresh(ServletWebServerApplicationContext.java:146) ~[spring-boot-3.3.3.jar:3.3.3]
	at org.springframework.boot.SpringApplication.refresh(SpringApplication.java:754) ~[spring-boot-3.3.3.jar:3.3.3]
	at org.springframework.boot.SpringApplication.refreshContext(SpringApplication.java:456) ~[spring-boot-3.3.3.jar:3.3.3]
	at org.springframework.boot.SpringApplication.run(SpringApplication.java:335) ~[spring-boot-3.3.3.jar:3.3.3]
	at org.springframework.boot.SpringApplication.run(SpringApplication.java:1363) ~[spring-boot-3.3.3.jar:3.3.3]
	at org.springframework.boot.SpringApplication.run(SpringApplication.java:1352) ~[spring-boot-3.3.3.jar:3.3.3]
	at web.AppStart.main(AppStart.java:9) ~[main/:na]
Caused by: org.springframework.jdbc.datasource.init.UncategorizedScriptException: Failed to execute database script
	at org.springframework.jdbc.datasource.init.DatabasePopulatorUtils.execute(DatabasePopulatorUtils.java:67) ~[spring-jdbc-6.1.12.jar:6.1.12]
	at org.springframework.boot.jdbc.init.DataSourceScriptDatabaseInitializer.runScripts(DataSourceScriptDatabaseInitializer.java:87) ~[spring-boot-3.3.3.jar:3.3.3]
	at org.springframework.boot.sql.init.AbstractScriptDatabaseInitializer.runScripts(AbstractScriptDatabaseInitializer.java:146) ~[spring-boot-3.3.3.jar:3.3.3]
	at org.springframework.boot.sql.init.AbstractScriptDatabaseInitializer.applyScripts(AbstractScriptDatabaseInitializer.java:108) ~[spring-boot-3.3.3.jar:3.3.3]
	at org.springframework.boot.sql.init.AbstractScriptDatabaseInitializer.applySchemaScripts(AbstractScriptDatabaseInitializer.java:98) ~[spring-boot-3.3.3.jar:3.3.3]
	at org.springframework.boot.sql.init.AbstractScriptDatabaseInitializer.initializeDatabase(AbstractScriptDatabaseInitializer.java:76) ~[spring-boot-3.3.3.jar:3.3.3]
	at org.springframework.boot.sql.init.AbstractScriptDatabaseInitializer.afterPropertiesSet(AbstractScriptDatabaseInitializer.java:66) ~[spring-boot-3.3.3.jar:3.3.3]
	at org.springframework.beans.factory.support.AbstractAutowireCapableBeanFactory.invokeInitMethods(AbstractAutowireCapableBeanFactory.java:1853) ~[spring-beans-6.1.12.jar:6.1.12]
	at org.springframework.beans.factory.support.AbstractAutowireCapableBeanFactory.initializeBean(AbstractAutowireCapableBeanFactory.java:1802) ~[spring-beans-6.1.12.jar:6.1.12]
	... 18 common frames omitted
Caused by: org.springframework.jdbc.CannotGetJdbcConnectionException: Failed to obtain JDBC Connection
	at org.springframework.jdbc.datasource.DataSourceUtils.getConnection(DataSourceUtils.java:84) ~[spring-jdbc-6.1.12.jar:6.1.12]
	at org.springframework.jdbc.datasource.init.DatabasePopulatorUtils.execute(DatabasePopulatorUtils.java:52) ~[spring-jdbc-6.1.12.jar:6.1.12]
	... 26 common frames omitted
Caused by: java.sql.SQLSyntaxErrorException: Unknown database 'account'
	at com.mysql.cj.jdbc.exceptions.SQLError.createSQLException(SQLError.java:121) ~[mysql-connector-j-8.3.0.jar:8.3.0]
	at com.mysql.cj.jdbc.exceptions.SQLExceptionsMapping.translateException(SQLExceptionsMapping.java:122) ~[mysql-connector-j-8.3.0.jar:8.3.0]
	at com.mysql.cj.jdbc.ConnectionImpl.createNewIO(ConnectionImpl.java:815) ~[mysql-connector-j-8.3.0.jar:8.3.0]
	at com.mysql.cj.jdbc.ConnectionImpl.<init>(ConnectionImpl.java:438) ~[mysql-connector-j-8.3.0.jar:8.3.0]
	at com.mysql.cj.jdbc.ConnectionImpl.getInstance(ConnectionImpl.java:241) ~[mysql-connector-j-8.3.0.jar:8.3.0]
	at com.mysql.cj.jdbc.NonRegisteringDriver.connect(NonRegisteringDriver.java:189) ~[mysql-connector-j-8.3.0.jar:8.3.0]
	at com.zaxxer.hikari.util.DriverDataSource.getConnection(DriverDataSource.java:137) ~[HikariCP-5.1.0.jar:na]
	at com.zaxxer.hikari.pool.PoolBase.newConnection(PoolBase.java:360) ~[HikariCP-5.1.0.jar:na]
	at com.zaxxer.hikari.pool.PoolBase.newPoolEntry(PoolBase.java:202) ~[HikariCP-5.1.0.jar:na]
	at com.zaxxer.hikari.pool.HikariPool.createPoolEntry(HikariPool.java:461) ~[HikariCP-5.1.0.jar:na]
	at com.zaxxer.hikari.pool.HikariPool.checkFailFast(HikariPool.java:550) ~[HikariCP-5.1.0.jar:na]
	at com.zaxxer.hikari.pool.HikariPool.<init>(HikariPool.java:98) ~[HikariCP-5.1.0.jar:na]
	at com.zaxxer.hikari.HikariDataSource.getConnection(HikariDataSource.java:111) ~[HikariCP-5.1.0.jar:na]
	at org.springframework.jdbc.datasource.DataSourceUtils.fetchConnection(DataSourceUtils.java:160) ~[spring-jdbc-6.1.12.jar:6.1.12]
	at org.springframework.jdbc.datasource.DataSourceUtils.doGetConnection(DataSourceUtils.java:118) ~[spring-jdbc-6.1.12.jar:6.1.12]
	at org.springframework.jdbc.datasource.DataSourceUtils.getConnection(DataSourceUtils.java:81) ~[spring-jdbc-6.1.12.jar:6.1.12]
	... 27 common frames omitted

2024-09-09T12:10:37.561+09:00  INFO 2108 --- [main] web.AppStart                             : Starting AppStart using Java 17.0.11 with PID 2108 (C:\Users\tj-bu-703-013\Desktop\Springpy\build\classes\java\main started by tj-bu-703-013 in C:\Users\tj-bu-703-013\Desktop\Springpy)
2024-09-09T12:10:37.564+09:00  INFO 2108 --- [main] web.AppStart                             : No active profile set, falling back to 1 default profile: "default"
2024-09-09T12:10:38.698+09:00  WARN 2108 --- [main] o.m.s.mapper.ClassPathMapperScanner      : No MyBatis mapper was found in '[web]' package. Please check your configuration.
2024-09-09T12:10:39.366+09:00  INFO 2108 --- [main] o.s.b.w.embedded.tomcat.TomcatWebServer  : Tomcat initialized with port 8080 (http)
2024-09-09T12:10:39.386+09:00  INFO 2108 --- [main] o.apache.catalina.core.StandardService   : Starting service [Tomcat]
2024-09-09T12:10:39.387+09:00  INFO 2108 --- [main] o.apache.catalina.core.StandardEngine    : Starting Servlet engine: [Apache Tomcat/10.1.28]
2024-09-09T12:10:39.474+09:00  INFO 2108 --- [main] o.a.c.c.C.[Tomcat].[localhost].[/]       : Initializing Spring embedded WebApplicationContext
2024-09-09T12:10:39.475+09:00  INFO 2108 --- [main] w.s.c.ServletWebServerApplicationContext : Root WebApplicationContext: initialization completed in 1828 ms
2024-09-09T12:10:40.332+09:00  INFO 2108 --- [main] com.zaxxer.hikari.HikariDataSource       : HikariPool-1 - Starting...
2024-09-09T12:10:41.802+09:00  WARN 2108 --- [main] ConfigServletWebServerApplicationContext : Exception encountered during context initialization - cancelling refresh attempt: org.springframework.beans.factory.BeanCreationException: Error creating bean with name 'dataSourceScriptDatabaseInitializer' defined in class path resource [org/springframework/boot/autoconfigure/sql/init/DataSourceInitializationConfiguration.class]: Failed to execute database script
2024-09-09T12:10:41.818+09:00  INFO 2108 --- [main] o.apache.catalina.core.StandardService   : Stopping service [Tomcat]
2024-09-09T12:10:41.857+09:00  INFO 2108 --- [main] .s.b.a.l.ConditionEvaluationReportLogger : 

Error starting ApplicationContext. To display the condition evaluation report re-run your application with 'debug' enabled.
2024-09-09T12:10:41.888+09:00 ERROR 2108 --- [main] o.s.boot.SpringApplication               : Application run failed

org.springframework.beans.factory.BeanCreationException: Error creating bean with name 'dataSourceScriptDatabaseInitializer' defined in class path resource [org/springframework/boot/autoconfigure/sql/init/DataSourceInitializationConfiguration.class]: Failed to execute database script
	at org.springframework.beans.factory.support.AbstractAutowireCapableBeanFactory.initializeBean(AbstractAutowireCapableBeanFactory.java:1806) ~[spring-beans-6.1.12.jar:6.1.12]
	at org.springframework.beans.factory.support.AbstractAutowireCapableBeanFactory.doCreateBean(AbstractAutowireCapableBeanFactory.java:600) ~[spring-beans-6.1.12.jar:6.1.12]
	at org.springframework.beans.factory.support.AbstractAutowireCapableBeanFactory.createBean(AbstractAutowireCapableBeanFactory.java:522) ~[spring-beans-6.1.12.jar:6.1.12]
	at org.springframework.beans.factory.support.AbstractBeanFactory.lambda$doGetBean$0(AbstractBeanFactory.java:337) ~[spring-beans-6.1.12.jar:6.1.12]
	at org.springframework.beans.factory.support.DefaultSingletonBeanRegistry.getSingleton(DefaultSingletonBeanRegistry.java:234) ~[spring-beans-6.1.12.jar:6.1.12]
	at org.springframework.beans.factory.support.AbstractBeanFactory.doGetBean(AbstractBeanFactory.java:335) ~[spring-beans-6.1.12.jar:6.1.12]
	at org.springframework.beans.factory.support.AbstractBeanFactory.getBean(AbstractBeanFactory.java:200) ~[spring-beans-6.1.12.jar:6.1.12]
	at org.springframework.beans.factory.support.AbstractBeanFactory.doGetBean(AbstractBeanFactory.java:313) ~[spring-beans-6.1.12.jar:6.1.12]
	at org.springframework.beans.factory.support.AbstractBeanFactory.getBean(AbstractBeanFactory.java:200) ~[spring-beans-6.1.12.jar:6.1.12]
	at org.springframework.beans.factory.support.DefaultListableBeanFactory.preInstantiateSingletons(DefaultListableBeanFactory.java:975) ~[spring-beans-6.1.12.jar:6.1.12]
	at org.springframework.context.support.AbstractApplicationContext.finishBeanFactoryInitialization(AbstractApplicationContext.java:971) ~[spring-context-6.1.12.jar:6.1.12]
	at org.springframework.context.support.AbstractApplicationContext.refresh(AbstractApplicationContext.java:625) ~[spring-context-6.1.12.jar:6.1.12]
	at org.springframework.boot.web.servlet.context.ServletWebServerApplicationContext.refresh(ServletWebServerApplicationContext.java:146) ~[spring-boot-3.3.3.jar:3.3.3]
	at org.springframework.boot.SpringApplication.refresh(SpringApplication.java:754) ~[spring-boot-3.3.3.jar:3.3.3]
	at org.springframework.boot.SpringApplication.refreshContext(SpringApplication.java:456) ~[spring-boot-3.3.3.jar:3.3.3]
	at org.springframework.boot.SpringApplication.run(SpringApplication.java:335) ~[spring-boot-3.3.3.jar:3.3.3]
	at org.springframework.boot.SpringApplication.run(SpringApplication.java:1363) ~[spring-boot-3.3.3.jar:3.3.3]
	at org.springframework.boot.SpringApplication.run(SpringApplication.java:1352) ~[spring-boot-3.3.3.jar:3.3.3]
	at web.AppStart.main(AppStart.java:9) ~[main/:na]
Caused by: org.springframework.jdbc.datasource.init.UncategorizedScriptException: Failed to execute database script
	at org.springframework.jdbc.datasource.init.DatabasePopulatorUtils.execute(DatabasePopulatorUtils.java:67) ~[spring-jdbc-6.1.12.jar:6.1.12]
	at org.springframework.boot.jdbc.init.DataSourceScriptDatabaseInitializer.runScripts(DataSourceScriptDatabaseInitializer.java:87) ~[spring-boot-3.3.3.jar:3.3.3]
	at org.springframework.boot.sql.init.AbstractScriptDatabaseInitializer.runScripts(AbstractScriptDatabaseInitializer.java:146) ~[spring-boot-3.3.3.jar:3.3.3]
	at org.springframework.boot.sql.init.AbstractScriptDatabaseInitializer.applyScripts(AbstractScriptDatabaseInitializer.java:108) ~[spring-boot-3.3.3.jar:3.3.3]
	at org.springframework.boot.sql.init.AbstractScriptDatabaseInitializer.applySchemaScripts(AbstractScriptDatabaseInitializer.java:98) ~[spring-boot-3.3.3.jar:3.3.3]
	at org.springframework.boot.sql.init.AbstractScriptDatabaseInitializer.initializeDatabase(AbstractScriptDatabaseInitializer.java:76) ~[spring-boot-3.3.3.jar:3.3.3]
	at org.springframework.boot.sql.init.AbstractScriptDatabaseInitializer.afterPropertiesSet(AbstractScriptDatabaseInitializer.java:66) ~[spring-boot-3.3.3.jar:3.3.3]
	at org.springframework.beans.factory.support.AbstractAutowireCapableBeanFactory.invokeInitMethods(AbstractAutowireCapableBeanFactory.java:1853) ~[spring-beans-6.1.12.jar:6.1.12]
	at org.springframework.beans.factory.support.AbstractAutowireCapableBeanFactory.initializeBean(AbstractAutowireCapableBeanFactory.java:1802) ~[spring-beans-6.1.12.jar:6.1.12]
	... 18 common frames omitted
Caused by: org.springframework.jdbc.CannotGetJdbcConnectionException: Failed to obtain JDBC Connection
	at org.springframework.jdbc.datasource.DataSourceUtils.getConnection(DataSourceUtils.java:84) ~[spring-jdbc-6.1.12.jar:6.1.12]
	at org.springframework.jdbc.datasource.init.DatabasePopulatorUtils.execute(DatabasePopulatorUtils.java:52) ~[spring-jdbc-6.1.12.jar:6.1.12]
	... 26 common frames omitted
Caused by: java.sql.SQLSyntaxErrorException: Unknown database 'account'
	at com.mysql.cj.jdbc.exceptions.SQLError.createSQLException(SQLError.java:121) ~[mysql-connector-j-8.3.0.jar:8.3.0]
	at com.mysql.cj.jdbc.exceptions.SQLExceptionsMapping.translateException(SQLExceptionsMapping.java:122) ~[mysql-connector-j-8.3.0.jar:8.3.0]
	at com.mysql.cj.jdbc.ConnectionImpl.createNewIO(ConnectionImpl.java:815) ~[mysql-connector-j-8.3.0.jar:8.3.0]
	at com.mysql.cj.jdbc.ConnectionImpl.<init>(ConnectionImpl.java:438) ~[mysql-connector-j-8.3.0.jar:8.3.0]
	at com.mysql.cj.jdbc.ConnectionImpl.getInstance(ConnectionImpl.java:241) ~[mysql-connector-j-8.3.0.jar:8.3.0]
	at com.mysql.cj.jdbc.NonRegisteringDriver.connect(NonRegisteringDriver.java:189) ~[mysql-connector-j-8.3.0.jar:8.3.0]
	at com.zaxxer.hikari.util.DriverDataSource.getConnection(DriverDataSource.java:137) ~[HikariCP-5.1.0.jar:na]
	at com.zaxxer.hikari.pool.PoolBase.newConnection(PoolBase.java:360) ~[HikariCP-5.1.0.jar:na]
	at com.zaxxer.hikari.pool.PoolBase.newPoolEntry(PoolBase.java:202) ~[HikariCP-5.1.0.jar:na]
	at com.zaxxer.hikari.pool.HikariPool.createPoolEntry(HikariPool.java:461) ~[HikariCP-5.1.0.jar:na]
	at com.zaxxer.hikari.pool.HikariPool.checkFailFast(HikariPool.java:550) ~[HikariCP-5.1.0.jar:na]
	at com.zaxxer.hikari.pool.HikariPool.<init>(HikariPool.java:98) ~[HikariCP-5.1.0.jar:na]
	at com.zaxxer.hikari.HikariDataSource.getConnection(HikariDataSource.java:111) ~[HikariCP-5.1.0.jar:na]
	at org.springframework.jdbc.datasource.DataSourceUtils.fetchConnection(DataSourceUtils.java:160) ~[spring-jdbc-6.1.12.jar:6.1.12]
	at org.springframework.jdbc.datasource.DataSourceUtils.doGetConnection(DataSourceUtils.java:118) ~[spring-jdbc-6.1.12.jar:6.1.12]
	at org.springframework.jdbc.datasource.DataSourceUtils.getConnection(DataSourceUtils.java:81) ~[spring-jdbc-6.1.12.jar:6.1.12]
	... 27 common frames omitted

2024-09-09T12:12:05.535+09:00  INFO 9940 --- [main] web.AppStart                             : Starting AppStart using Java 17.0.11 with PID 9940 (C:\Users\tj-bu-703-013\Desktop\Springpy\build\classes\java\main started by tj-bu-703-013 in C:\Users\tj-bu-703-013\Desktop\Springpy)
2024-09-09T12:12:05.543+09:00  INFO 9940 --- [main] web.AppStart                             : No active profile set, falling back to 1 default profile: "default"
2024-09-09T12:12:06.481+09:00  WARN 9940 --- [main] o.m.s.mapper.ClassPathMapperScanner      : No MyBatis mapper was found in '[web]' package. Please check your configuration.
2024-09-09T12:12:07.118+09:00  INFO 9940 --- [main] o.s.b.w.embedded.tomcat.TomcatWebServer  : Tomcat initialized with port 8080 (http)
2024-09-09T12:12:07.135+09:00  INFO 9940 --- [main] o.apache.catalina.core.StandardService   : Starting service [Tomcat]
2024-09-09T12:12:07.135+09:00  INFO 9940 --- [main] o.apache.catalina.core.StandardEngine    : Starting Servlet engine: [Apache Tomcat/10.1.28]
2024-09-09T12:12:07.225+09:00  INFO 9940 --- [main] o.a.c.c.C.[Tomcat].[localhost].[/]       : Initializing Spring embedded WebApplicationContext
2024-09-09T12:12:07.228+09:00  INFO 9940 --- [main] w.s.c.ServletWebServerApplicationContext : Root WebApplicationContext: initialization completed in 1587 ms
2024-09-09T12:12:07.987+09:00  INFO 9940 --- [main] com.zaxxer.hikari.HikariDataSource       : HikariPool-1 - Starting...
2024-09-09T12:12:08.403+09:00  INFO 9940 --- [main] com.zaxxer.hikari.pool.HikariPool        : HikariPool-1 - Added connection com.mysql.cj.jdbc.ConnectionImpl@2fd39436
2024-09-09T12:12:08.406+09:00  INFO 9940 --- [main] com.zaxxer.hikari.HikariDataSource       : HikariPool-1 - Start completed.
2024-09-09T12:12:08.613+09:00  INFO 9940 --- [main] o.s.b.w.embedded.tomcat.TomcatWebServer  : Tomcat started on port 8080 (http) with context path '/'
2024-09-09T12:12:08.630+09:00  INFO 9940 --- [main] web.AppStart                             : Started AppStart in 3.696 seconds (process running for 4.194)
2024-09-09T12:12:15.898+09:00  INFO 9940 --- [http-nio-8080-exec-1] o.a.c.c.C.[Tomcat].[localhost].[/]       : Initializing Spring DispatcherServlet 'dispatcherServlet'
2024-09-09T12:12:15.899+09:00  INFO 9940 --- [http-nio-8080-exec-1] o.s.web.servlet.DispatcherServlet        : Initializing Servlet 'dispatcherServlet'
2024-09-09T12:12:15.900+09:00  INFO 9940 --- [http-nio-8080-exec-1] o.s.web.servlet.DispatcherServlet        : Completed initialization in 1 ms
2024-09-09T12:18:38.046+09:00  INFO 12848 --- [main] web.AppStart                             : Starting AppStart using Java 17.0.11 with PID 12848 (C:\Users\tj-bu-703-013\Desktop\Springpy\build\classes\java\main started by tj-bu-703-013 in C:\Users\tj-bu-703-013\Desktop\Springpy)
2024-09-09T12:18:38.051+09:00  INFO 12848 --- [main] web.AppStart                             : No active profile set, falling back to 1 default profile: "default"
2024-09-09T12:18:39.477+09:00  WARN 12848 --- [main] o.m.s.mapper.ClassPathMapperScanner      : No MyBatis mapper was found in '[web]' package. Please check your configuration.
2024-09-09T12:18:40.181+09:00  INFO 12848 --- [main] o.s.b.w.embedded.tomcat.TomcatWebServer  : Tomcat initialized with port 8080 (http)
2024-09-09T12:18:40.197+09:00  INFO 12848 --- [main] o.apache.catalina.core.StandardService   : Starting service [Tomcat]
2024-09-09T12:18:40.197+09:00  INFO 12848 --- [main] o.apache.catalina.core.StandardEngine    : Starting Servlet engine: [Apache Tomcat/10.1.28]
2024-09-09T12:18:40.277+09:00  INFO 12848 --- [main] o.a.c.c.C.[Tomcat].[localhost].[/]       : Initializing Spring embedded WebApplicationContext
2024-09-09T12:18:40.278+09:00  INFO 12848 --- [main] w.s.c.ServletWebServerApplicationContext : Root WebApplicationContext: initialization completed in 2147 ms
2024-09-09T12:18:41.363+09:00  INFO 12848 --- [main] com.zaxxer.hikari.HikariDataSource       : HikariPool-1 - Starting...
2024-09-09T12:18:41.825+09:00  INFO 12848 --- [main] com.zaxxer.hikari.pool.HikariPool        : HikariPool-1 - Added connection com.mysql.cj.jdbc.ConnectionImpl@2fd39436
2024-09-09T12:18:41.828+09:00  INFO 12848 --- [main] com.zaxxer.hikari.HikariDataSource       : HikariPool-1 - Start completed.
2024-09-09T12:18:42.054+09:00  INFO 12848 --- [main] o.s.b.w.embedded.tomcat.TomcatWebServer  : Tomcat started on port 8080 (http) with context path '/'
2024-09-09T12:18:42.072+09:00  INFO 12848 --- [main] web.AppStart                             : Started AppStart in 4.66 seconds (process running for 5.157)
2024-09-09T12:18:53.487+09:00  INFO 1520 --- [main] web.AppStart                             : Starting AppStart using Java 17.0.11 with PID 1520 (C:\Users\tj-bu-703-013\Desktop\Springpy\build\classes\java\main started by tj-bu-703-013 in C:\Users\tj-bu-703-013\Desktop\Springpy)
2024-09-09T12:18:53.493+09:00  INFO 1520 --- [main] web.AppStart                             : No active profile set, falling back to 1 default profile: "default"
2024-09-09T12:18:54.738+09:00  WARN 1520 --- [main] o.m.s.mapper.ClassPathMapperScanner      : No MyBatis mapper was found in '[web]' package. Please check your configuration.
2024-09-09T12:18:55.368+09:00  INFO 1520 --- [main] o.s.b.w.embedded.tomcat.TomcatWebServer  : Tomcat initialized with port 8080 (http)
2024-09-09T12:18:55.387+09:00  INFO 1520 --- [main] o.apache.catalina.core.StandardService   : Starting service [Tomcat]
2024-09-09T12:18:55.388+09:00  INFO 1520 --- [main] o.apache.catalina.core.StandardEngine    : Starting Servlet engine: [Apache Tomcat/10.1.28]
2024-09-09T12:18:55.481+09:00  INFO 1520 --- [main] o.a.c.c.C.[Tomcat].[localhost].[/]       : Initializing Spring embedded WebApplicationContext
2024-09-09T12:18:55.482+09:00  INFO 1520 --- [main] w.s.c.ServletWebServerApplicationContext : Root WebApplicationContext: initialization completed in 1895 ms
2024-09-09T12:18:56.409+09:00  INFO 1520 --- [main] com.zaxxer.hikari.HikariDataSource       : HikariPool-1 - Starting...
2024-09-09T12:18:56.834+09:00  INFO 1520 --- [main] com.zaxxer.hikari.pool.HikariPool        : HikariPool-1 - Added connection com.mysql.cj.jdbc.ConnectionImpl@46394f65
2024-09-09T12:18:56.837+09:00  INFO 1520 --- [main] com.zaxxer.hikari.HikariDataSource       : HikariPool-1 - Start completed.
2024-09-09T12:18:57.073+09:00  INFO 1520 --- [main] o.s.b.w.embedded.tomcat.TomcatWebServer  : Tomcat started on port 8080 (http) with context path '/'
2024-09-09T12:18:57.097+09:00  INFO 1520 --- [main] web.AppStart                             : Started AppStart in 4.23 seconds (process running for 4.684)
2024-09-09T12:18:59.309+09:00  INFO 1520 --- [http-nio-8080-exec-1] o.a.c.c.C.[Tomcat].[localhost].[/]       : Initializing Spring DispatcherServlet 'dispatcherServlet'
2024-09-09T12:18:59.310+09:00  INFO 1520 --- [http-nio-8080-exec-1] o.s.web.servlet.DispatcherServlet        : Initializing Servlet 'dispatcherServlet'
2024-09-09T12:18:59.311+09:00  INFO 1520 --- [http-nio-8080-exec-1] o.s.web.servlet.DispatcherServlet        : Completed initialization in 1 ms
2024-09-09T12:22:33.932+09:00  INFO 3444 --- [main] web.AppStart                             : Starting AppStart using Java 17.0.11 with PID 3444 (C:\Users\tj-bu-703-013\Desktop\Springpy\build\classes\java\main started by tj-bu-703-013 in C:\Users\tj-bu-703-013\Desktop\Springpy)
2024-09-09T12:22:33.936+09:00  INFO 3444 --- [main] web.AppStart                             : No active profile set, falling back to 1 default profile: "default"
2024-09-09T12:22:35.160+09:00  WARN 3444 --- [main] o.m.s.mapper.ClassPathMapperScanner      : No MyBatis mapper was found in '[web]' package. Please check your configuration.
2024-09-09T12:22:35.994+09:00  INFO 3444 --- [main] o.s.b.w.embedded.tomcat.TomcatWebServer  : Tomcat initialized with port 8080 (http)
2024-09-09T12:22:36.012+09:00  INFO 3444 --- [main] o.apache.catalina.core.StandardService   : Starting service [Tomcat]
2024-09-09T12:22:36.013+09:00  INFO 3444 --- [main] o.apache.catalina.core.StandardEngine    : Starting Servlet engine: [Apache Tomcat/10.1.28]
2024-09-09T12:22:36.165+09:00  INFO 3444 --- [main] o.a.c.c.C.[Tomcat].[localhost].[/]       : Initializing Spring embedded WebApplicationContext
2024-09-09T12:22:36.166+09:00  INFO 3444 --- [main] w.s.c.ServletWebServerApplicationContext : Root WebApplicationContext: initialization completed in 2132 ms
2024-09-09T12:22:37.256+09:00  INFO 3444 --- [main] com.zaxxer.hikari.HikariDataSource       : HikariPool-1 - Starting...
2024-09-09T12:22:37.890+09:00  INFO 3444 --- [main] com.zaxxer.hikari.pool.HikariPool        : HikariPool-1 - Added connection com.mysql.cj.jdbc.ConnectionImpl@4d518c66
2024-09-09T12:22:37.893+09:00  INFO 3444 --- [main] com.zaxxer.hikari.HikariDataSource       : HikariPool-1 - Start completed.
2024-09-09T12:22:38.415+09:00  INFO 3444 --- [main] o.s.b.w.embedded.tomcat.TomcatWebServer  : Tomcat started on port 8080 (http) with context path '/'
2024-09-09T12:22:38.483+09:00  INFO 3444 --- [main] web.AppStart                             : Started AppStart in 5.352 seconds (process running for 5.814)
2024-09-09T12:22:41.986+09:00  INFO 5628 --- [main] web.AppStart                             : Starting AppStart using Java 17.0.11 with PID 5628 (C:\Users\tj-bu-703-013\Desktop\Springpy\build\classes\java\main started by tj-bu-703-013 in C:\Users\tj-bu-703-013\Desktop\Springpy)
2024-09-09T12:22:41.990+09:00  INFO 5628 --- [main] web.AppStart                             : No active profile set, falling back to 1 default profile: "default"
2024-09-09T12:22:43.209+09:00  WARN 5628 --- [main] o.m.s.mapper.ClassPathMapperScanner      : No MyBatis mapper was found in '[web]' package. Please check your configuration.
2024-09-09T12:22:43.805+09:00  INFO 5628 --- [main] o.s.b.w.embedded.tomcat.TomcatWebServer  : Tomcat initialized with port 8080 (http)
2024-09-09T12:22:43.823+09:00  INFO 5628 --- [main] o.apache.catalina.core.StandardService   : Starting service [Tomcat]
2024-09-09T12:22:43.823+09:00  INFO 5628 --- [main] o.apache.catalina.core.StandardEngine    : Starting Servlet engine: [Apache Tomcat/10.1.28]
2024-09-09T12:22:43.909+09:00  INFO 5628 --- [main] o.a.c.c.C.[Tomcat].[localhost].[/]       : Initializing Spring embedded WebApplicationContext
2024-09-09T12:22:43.910+09:00  INFO 5628 --- [main] w.s.c.ServletWebServerApplicationContext : Root WebApplicationContext: initialization completed in 1818 ms
2024-09-09T12:22:44.810+09:00  INFO 5628 --- [main] com.zaxxer.hikari.HikariDataSource       : HikariPool-1 - Starting...
2024-09-09T12:22:45.223+09:00  INFO 5628 --- [main] com.zaxxer.hikari.pool.HikariPool        : HikariPool-1 - Added connection com.mysql.cj.jdbc.ConnectionImpl@26be9a6
2024-09-09T12:22:45.226+09:00  INFO 5628 --- [main] com.zaxxer.hikari.HikariDataSource       : HikariPool-1 - Start completed.
2024-09-09T12:22:45.441+09:00  INFO 5628 --- [main] o.s.b.w.embedded.tomcat.TomcatWebServer  : Tomcat started on port 8080 (http) with context path '/'
2024-09-09T12:22:45.461+09:00  INFO 5628 --- [main] web.AppStart                             : Started AppStart in 4.08 seconds (process running for 4.587)
2024-09-09T12:22:48.918+09:00  INFO 5628 --- [http-nio-8080-exec-1] o.a.c.c.C.[Tomcat].[localhost].[/]       : Initializing Spring DispatcherServlet 'dispatcherServlet'
2024-09-09T12:22:48.918+09:00  INFO 5628 --- [http-nio-8080-exec-1] o.s.web.servlet.DispatcherServlet        : Initializing Servlet 'dispatcherServlet'
2024-09-09T12:22:48.921+09:00  INFO 5628 --- [http-nio-8080-exec-1] o.s.web.servlet.DispatcherServlet        : Completed initialization in 3 ms
2024-09-09T12:44:15.927+09:00  INFO 13900 --- [main] web.AppStart                             : Starting AppStart using Java 17.0.11 with PID 13900 (C:\Users\tj-bu-703-013\Desktop\Springpy\build\classes\java\main started by tj-bu-703-013 in C:\Users\tj-bu-703-013\Desktop\Springpy)
2024-09-09T12:44:15.931+09:00  INFO 13900 --- [main] web.AppStart                             : No active profile set, falling back to 1 default profile: "default"
2024-09-09T12:44:16.980+09:00  WARN 13900 --- [main] o.m.s.mapper.ClassPathMapperScanner      : No MyBatis mapper was found in '[web]' package. Please check your configuration.
2024-09-09T12:44:17.698+09:00  INFO 13900 --- [main] o.s.b.w.embedded.tomcat.TomcatWebServer  : Tomcat initialized with port 8080 (http)
2024-09-09T12:44:17.719+09:00  INFO 13900 --- [main] o.apache.catalina.core.StandardService   : Starting service [Tomcat]
2024-09-09T12:44:17.719+09:00  INFO 13900 --- [main] o.apache.catalina.core.StandardEngine    : Starting Servlet engine: [Apache Tomcat/10.1.28]
2024-09-09T12:44:17.815+09:00  INFO 13900 --- [main] o.a.c.c.C.[Tomcat].[localhost].[/]       : Initializing Spring embedded WebApplicationContext
2024-09-09T12:44:17.816+09:00  INFO 13900 --- [main] w.s.c.ServletWebServerApplicationContext : Root WebApplicationContext: initialization completed in 1797 ms
2024-09-09T12:44:18.564+09:00  INFO 13900 --- [main] com.zaxxer.hikari.HikariDataSource       : HikariPool-1 - Starting...
2024-09-09T12:44:18.977+09:00  INFO 13900 --- [main] com.zaxxer.hikari.pool.HikariPool        : HikariPool-1 - Added connection com.mysql.cj.jdbc.ConnectionImpl@4d518c66
2024-09-09T12:44:18.979+09:00  INFO 13900 --- [main] com.zaxxer.hikari.HikariDataSource       : HikariPool-1 - Start completed.
2024-09-09T12:44:19.242+09:00  INFO 13900 --- [main] o.s.b.w.embedded.tomcat.TomcatWebServer  : Tomcat started on port 8080 (http) with context path '/'
2024-09-09T12:44:19.284+09:00  INFO 13900 --- [main] web.AppStart                             : Started AppStart in 3.946 seconds (process running for 4.417)
2024-09-09T12:44:24.959+09:00  INFO 13900 --- [http-nio-8080-exec-1] o.a.c.c.C.[Tomcat].[localhost].[/]       : Initializing Spring DispatcherServlet 'dispatcherServlet'
2024-09-09T12:44:24.960+09:00  INFO 13900 --- [http-nio-8080-exec-1] o.s.web.servlet.DispatcherServlet        : Initializing Servlet 'dispatcherServlet'
2024-09-09T12:44:24.961+09:00  INFO 13900 --- [http-nio-8080-exec-1] o.s.web.servlet.DispatcherServlet        : Completed initialization in 1 ms
